<?xml version="1.0" encoding="UTF-8"?>
<testsuite name="co.ceiba.parqueadero.domaintests.unitarias.VigilanteTests" tests="1" skipped="0" failures="0" errors="0" timestamp="2018-05-29T20:54:20" hostname="MATEO-ORTIZ" time="0.0">
  <properties/>
  <testcase name="IngresarvehiculoYaParqueado" classname="co.ceiba.parqueadero.domaintests.unitarias.VigilanteTests" time="0.0"/>
  <system-out><![CDATA[]]></system-out>
  <system-err><![CDATA[]]></system-err>
</testsuite>
