<?xml version="1.0" encoding="UTF-8"?>
<testsuite name="co.ceiba.parqueadero.domaintests.unitarias.CalculoTarifaTest" tests="9" skipped="0" failures="0" errors="0" timestamp="2018-06-07T20:03:37" hostname="MATEO-ORTIZ" time="0.006">
  <properties/>
  <testcase name="calcularTarifaMoto" classname="co.ceiba.parqueadero.domaintests.unitarias.CalculoTarifaTest" time="0.003"/>
  <testcase name="CalcularValorParqueoHoraMayorA9Test" classname="co.ceiba.parqueadero.domaintests.unitarias.CalculoTarifaTest" time="0.0"/>
  <testcase name="calcularCobroPorCilindrajeMayor500Test" classname="co.ceiba.parqueadero.domaintests.unitarias.CalculoTarifaTest" time="0.0"/>
  <testcase name="CalcularValorParqueoHoraMayorA34Test" classname="co.ceiba.parqueadero.domaintests.unitarias.CalculoTarifaTest" time="0.001"/>
  <testcase name="CalcularValorParqueoHoraMenorA9Test" classname="co.ceiba.parqueadero.domaintests.unitarias.CalculoTarifaTest" time="0.0"/>
  <testcase name="CalcularValorParqueoDiaMasHorasTest" classname="co.ceiba.parqueadero.domaintests.unitarias.CalculoTarifaTest" time="0.0"/>
  <testcase name="calcularTarifaCarro" classname="co.ceiba.parqueadero.domaintests.unitarias.CalculoTarifaTest" time="0.0"/>
  <testcase name="calcularHorasParqueadoTest" classname="co.ceiba.parqueadero.domaintests.unitarias.CalculoTarifaTest" time="0.0"/>
  <testcase name="calcularCobroPorCilindrajeMenor500Test" classname="co.ceiba.parqueadero.domaintests.unitarias.CalculoTarifaTest" time="0.001"/>
  <system-out><![CDATA[]]></system-out>
  <system-err><![CDATA[]]></system-err>
</testsuite>
