<?xml version="1.0" encoding="UTF-8"?>
<testsuite name="co.ceiba.parqueadero.ParqueaderoApplicationTests" tests="1" skipped="0" failures="0" errors="0" timestamp="2018-05-29T20:54:20" hostname="MATEO-ORTIZ" time="0.002">
  <properties/>
  <testcase name="contextLoads" classname="co.ceiba.parqueadero.ParqueaderoApplicationTests" time="0.002"/>
  <system-out><![CDATA[2018-05-29 15:54:20.915  INFO 7668 --- [    Test worker] .b.t.c.SpringBootTestContextBootstrapper : Neither @ContextConfiguration nor @ContextHierarchy found for test class [co.ceiba.parqueadero.ParqueaderoApplicationTests], using SpringBootContextLoader
2018-05-29 15:54:20.916  INFO 7668 --- [    Test worker] o.s.t.c.support.AbstractContextLoader    : Could not detect default resource locations for test class [co.ceiba.parqueadero.ParqueaderoApplicationTests]: no resource found for suffixes {-context.xml, Context.groovy}.
2018-05-29 15:54:20.916  INFO 7668 --- [    Test worker] t.c.s.AnnotationConfigContextLoaderUtils : Could not detect default configuration classes for test class [co.ceiba.parqueadero.ParqueaderoApplicationTests]: ParqueaderoApplicationTests does not declare any static, non-private, non-final, nested classes annotated with @Configuration.
2018-05-29 15:54:20.924  INFO 7668 --- [    Test worker] .b.t.c.SpringBootTestContextBootstrapper : Found @SpringBootConfiguration co.ceiba.parqueadero.ParqueaderoApplication for test class co.ceiba.parqueadero.ParqueaderoApplicationTests
2018-05-29 15:54:20.926  INFO 7668 --- [    Test worker] .b.t.c.SpringBootTestContextBootstrapper : Loaded default TestExecutionListener class names from location [META-INF/spring.factories]: [org.springframework.boot.test.autoconfigure.restdocs.RestDocsTestExecutionListener, org.springframework.boot.test.autoconfigure.web.client.MockRestServiceServerResetTestExecutionListener, org.springframework.boot.test.autoconfigure.web.servlet.MockMvcPrintOnlyOnFailureTestExecutionListener, org.springframework.boot.test.autoconfigure.web.servlet.WebDriverTestExecutionListener, org.springframework.boot.test.mock.mockito.MockitoTestExecutionListener, org.springframework.boot.test.mock.mockito.ResetMocksTestExecutionListener, org.springframework.test.context.web.ServletTestExecutionListener, org.springframework.test.context.support.DirtiesContextBeforeModesTestExecutionListener, org.springframework.test.context.support.DependencyInjectionTestExecutionListener, org.springframework.test.context.support.DirtiesContextTestExecutionListener, org.springframework.test.context.transaction.TransactionalTestExecutionListener, org.springframework.test.context.jdbc.SqlScriptsTestExecutionListener]
2018-05-29 15:54:20.927  INFO 7668 --- [    Test worker] .b.t.c.SpringBootTestContextBootstrapper : Using TestExecutionListeners: [org.springframework.test.context.web.ServletTestExecutionListener@5089d405, org.springframework.test.context.support.DirtiesContextBeforeModesTestExecutionListener@1e57bfa9, org.springframework.boot.test.mock.mockito.MockitoTestExecutionListener@4c0b8370, org.springframework.boot.test.autoconfigure.SpringBootDependencyInjectionTestExecutionListener@744530e5, org.springframework.test.context.support.DirtiesContextTestExecutionListener@6af2eb94, org.springframework.test.context.transaction.TransactionalTestExecutionListener@497bab94, org.springframework.test.context.jdbc.SqlScriptsTestExecutionListener@597ba1c8, org.springframework.boot.test.autoconfigure.restdocs.RestDocsTestExecutionListener@4e4601a, org.springframework.boot.test.autoconfigure.web.client.MockRestServiceServerResetTestExecutionListener@79379559, org.springframework.boot.test.autoconfigure.web.servlet.MockMvcPrintOnlyOnFailureTestExecutionListener@6d04a6e0, org.springframework.boot.test.autoconfigure.web.servlet.WebDriverTestExecutionListener@69752f69, org.springframework.boot.test.mock.mockito.ResetMocksTestExecutionListener@4e3666ed]
]]></system-out>
  <system-err><![CDATA[]]></system-err>
</testsuite>
